Build started 3/5/2015 5:49:27 PM.
     1>Project "Z:\IGMProfile\GameEngines\Engines-Project\DirectX11_Starter\DirectX11_Starter.vcxproj" on node 2 (Build target(s)).
     1>FxCompile:
         C:\Program Files (x86)\Windows Kits\8.0\bin\x86\fxc.exe /nologo /E"main" /T ps_4_0_level_9_3 /Fo "Z:\IGMProfile\GameEngines\Engines-Project\Debug\PixelShader.cso" /Od /Zi Shaders\PixelShader.hlsl 
         compilation object save succeeded; see Z:\IGMProfile\GameEngines\Engines-Project\Debug\PixelShader.cso
         C:\Program Files (x86)\Windows Kits\8.0\bin\x86\fxc.exe /nologo /E"main" /T vs_4_0_level_9_3 /Fo "Z:\IGMProfile\GameEngines\Engines-Project\Debug\VertexShader.cso" /Od /Zi Shaders\VertexShader.hlsl 
         compilation object save succeeded; see Z:\IGMProfile\GameEngines\Engines-Project\Debug\VertexShader.cso
       ClCompile:
         C:\Program Files (x86)\Microsoft Visual Studio 11.0\VC\bin\CL.exe /c /I"Z:\IGMProfile\GameEngines\Engines-Project\\DirectXTK\inc" /ZI /nologo /W3 /WX- /sdl /Od /Oy- /D _UNICODE /D UNICODE /Gm /EHsc /RTC1 /MDd /GS /fp:precise /Zc:wchar_t /Zc:forScope /Fo"Debug\\" /Fd"Debug\vc110.pdb" /Gd /TP /analyze- /errorReport:prompt DemoGame.cpp dxerr.cpp DXGame.cpp GameEntity.cpp GameTimer.cpp Material.cpp Mesh.cpp
         Mesh.cpp
         Material.cpp
         GameTimer.cpp
         GameEntity.cpp
         DXGame.cpp
         dxerr.cpp
         DemoGame.cpp
     1>z:\igmprofile\gameengines\engines-project\directx11_starter\demogame.cpp(170): warning C4305: 'argument' : truncation from 'double' to 'float'
     1>z:\igmprofile\gameengines\engines-project\directx11_starter\demogame.cpp(173): warning C4305: 'argument' : truncation from 'double' to 'float'
         Generating Code...
       Link:
         C:\Program Files (x86)\Microsoft Visual Studio 11.0\VC\bin\link.exe /ERRORREPORT:PROMPT /OUT:"Z:\IGMProfile\GameEngines\Engines-Project\Debug\DirectX11_Starter.exe" /INCREMENTAL /NOLOGO d3d11.lib d3dcompiler.lib kernel32.lib user32.lib gdi32.lib winspool.lib comdlg32.lib advapi32.lib shell32.lib ole32.lib oleaut32.lib uuid.lib odbc32.lib odbccp32.lib /MANIFEST /MANIFESTUAC:"level='asInvoker' uiAccess='false'" /manifest:embed /DEBUG /PDB:"Z:\IGMProfile\GameEngines\Engines-Project\Debug\DirectX11_Starter.pdb" /TLBID:1 /DYNAMICBASE /NXCOMPAT /IMPLIB:"Z:\IGMProfile\GameEngines\Engines-Project\Debug\DirectX11_Starter.lib" /MACHINE:X86 Debug\DemoGame.obj
         Debug\dxerr.obj
         Debug\DXGame.obj
         Debug\GameEntity.obj
         Debug\GameTimer.obj
         Debug\Material.obj
         Debug\Mesh.obj
         "Z:\IGMProfile\GameEngines\Engines-Project\DirectXTK\Bin\Desktop_2012\Win32\Debug\DirectXTK.lib"
         DirectX11_Starter.vcxproj -> Z:\IGMProfile\GameEngines\Engines-Project\Debug\DirectX11_Starter.exe
     1>Done Building Project "Z:\IGMProfile\GameEngines\Engines-Project\DirectX11_Starter\DirectX11_Starter.vcxproj" (Build target(s)).

Build succeeded.

Time Elapsed 00:00:17.00
